{"uuid":"2e4722b9-8046-43f8-8b4c-7f59a277745d","historyId":"4e069125f77d7506c85c30bfa9985904","testCaseId":"[engine:junit-jupiter]/[class:com.ejemplo.selenium.allure.LiverpoolFlujo01_Test]/[method:test()]","testCaseName":"test()","fullName":"com.ejemplo.selenium.allure.LiverpoolFlujo01_Test.test","labels":[{"name":"junit.platform.uniqueid","value":"[engine:junit-jupiter]/[class:com.ejemplo.selenium.allure.LiverpoolFlujo01_Test]/[method:test()]"},{"name":"story","value":"Login"},{"name":"host","value":"DESKTOP-SOMLAJE"},{"name":"thread","value":"2696@DESKTOP-SOMLAJE.main(1)"},{"name":"framework","value":"junit-platform"},{"name":"language","value":"java"},{"name":"package","value":"com.ejemplo.selenium.allure.LiverpoolFlujo01_Test"},{"name":"testClass","value":"com.ejemplo.selenium.allure.LiverpoolFlujo01_Test"},{"name":"testMethod","value":"test"},{"name":"suite","value":"com.ejemplo.selenium.allure.LiverpoolFlujo01_Test"},{"name":"severity","value":"critical"}],"links":[],"name":"test()","status":"failed","statusDetails":{"known":false,"muted":false,"flaky":false,"message":"Element not found {img[alt='Liverpool Logo']}\r\nExpected: clickable: interactable and enabled\r\nPage source: file:/C:/Users/D%20E%20L%20L/eclipse-workspace/selenide-allure-demo/build/reports/tests/1754449910481.0.html\r\nTimeout: 4 s.\r\nCaused by: NoSuchWindowException: no such window: target window already closed","trace":"Element not found {img[alt='Liverpool Logo']}\r\nExpected: clickable: interactable and enabled\r\nPage source: file:/C:/Users/D%20E%20L%20L/eclipse-workspace/selenide-allure-demo/build/reports/tests/1754449910481.0.html\r\nTimeout: 4 s.\r\nCaused by: NoSuchWindowException: no such window: target window already closed\r\n\tat com.codeborne.selenide.impl.WebElementSource.createElementNotFoundError(WebElementSource.java:89)\r\n\tat com.codeborne.selenide.impl.ElementFinder.createElementNotFoundError(ElementFinder.java:142)\r\n\tat com.codeborne.selenide.impl.WebElementSource.handleError(WebElementSource.java:141)\r\n\tat com.codeborne.selenide.impl.WebElementSource.checkConditionAndReturnElement(WebElementSource.java:125)\r\n\tat com.codeborne.selenide.impl.WebElementSource.findAndAssertElementIsClickable(WebElementSource.java:171)\r\n\tat com.codeborne.selenide.commands.Click.findElement(Click.java:53)\r\n\tat com.codeborne.selenide.commands.Click.execute(Click.java:34)\r\n\tat com.codeborne.selenide.commands.Click.execute(Click.java:26)\r\n\tat com.codeborne.selenide.commands.Commands.execute(Commands.java:162)\r\n\tat com.codeborne.selenide.impl.SelenideElementProxy.dispatchAndRetry(SelenideElementProxy.java:134)\r\n\tat com.codeborne.selenide.impl.SelenideElementProxy.invoke(SelenideElementProxy.java:86)\r\n\tat jdk.proxy2/jdk.proxy2.$Proxy14.click(Unknown Source)\r\n\tat com.ejemplo.selenium.allure.LiverpoolFlujo01_Test.test(LiverpoolFlujo01_Test.java:42)\r\n\tat java.base/java.lang.reflect.Method.invoke(Method.java:568)\r\n\tat java.base/java.util.ArrayList.forEach(ArrayList.java:1511)\r\n\tat java.base/java.util.ArrayList.forEach(ArrayList.java:1511)\r\nCaused by: org.openqa.selenium.NoSuchWindowException: no such window: target window already closed\nfrom unknown error: web view not found\n  (Session info: chrome=138.0.7204.184)\nBuild info: version: '4.19.1', revision: 'abe0ee07dc'\nSystem info: os.name: 'Windows 10', os.arch: 'amd64', os.version: '10.0', java.version: '17.0.15'\nDriver info: org.openqa.selenium.chrome.ChromeDriver\nCommand: [31f761e10b77d607fd41568254e9dd34, findElement {value=img[alt='Liverpool Logo'], using=css selector}]\nCapabilities {acceptInsecureCerts: true, browserName: chrome, browserVersion: 138.0.7204.184, chrome: {chromedriverVersion: 138.0.7204.183 (e90faf484dd..., userDataDir: C:\\Users\\DELL~1\\AppData\\Loc...}, fedcm:accounts: true, goog:chromeOptions: {debuggerAddress: localhost:62528}, networkConnectionEnabled: false, pageLoadStrategy: normal, platformName: windows, proxy: Proxy(), se:cdp: ws://localhost:62528/devtoo..., se:cdpVersion: 138.0.7204.184, setWindowRect: true, strictFileInteractability: false, timeouts: {implicit: 0, pageLoad: 300000, script: 30000}, unhandledPromptBehavior: accept, webauthn:extension:credBlob: true, webauthn:extension:largeBlob: true, webauthn:extension:minPinLength: true, webauthn:extension:prf: true, webauthn:virtualAuthenticators: true}\nSession ID: 31f761e10b77d607fd41568254e9dd34\r\n\tat java.base/jdk.internal.reflect.NativeConstructorAccessorImpl.newInstance0(Native Method)\r\n\tat java.base/jdk.internal.reflect.NativeConstructorAccessorImpl.newInstance(NativeConstructorAccessorImpl.java:77)\r\n\tat java.base/jdk.internal.reflect.DelegatingConstructorAccessorImpl.newInstance(DelegatingConstructorAccessorImpl.java:45)\r\n\tat java.base/java.lang.reflect.Constructor.newInstanceWithCaller(Constructor.java:499)\r\n\tat java.base/java.lang.reflect.Constructor.newInstance(Constructor.java:480)\r\n\tat org.openqa.selenium.remote.ErrorCodec.decode(ErrorCodec.java:167)\r\n\tat org.openqa.selenium.remote.codec.w3c.W3CHttpResponseCodec.decode(W3CHttpResponseCodec.java:138)\r\n\tat org.openqa.selenium.remote.codec.w3c.W3CHttpResponseCodec.decode(W3CHttpResponseCodec.java:50)\r\n\tat org.openqa.selenium.remote.HttpCommandExecutor.execute(HttpCommandExecutor.java:190)\r\n\tat org.openqa.selenium.remote.service.DriverCommandExecutor.invokeExecute(DriverCommandExecutor.java:216)\r\n\tat org.openqa.selenium.remote.service.DriverCommandExecutor.execute(DriverCommandExecutor.java:174)\r\n\tat org.openqa.selenium.remote.RemoteWebDriver.execute(RemoteWebDriver.java:518)\r\n\tat org.openqa.selenium.remote.ElementLocation$ElementFinder$2.findElement(ElementLocation.java:165)\r\n\tat org.openqa.selenium.remote.ElementLocation.findElement(ElementLocation.java:59)\r\n\tat org.openqa.selenium.remote.RemoteWebDriver.findElement(RemoteWebDriver.java:355)\r\n\tat org.openqa.selenium.remote.RemoteWebDriver.findElement(RemoteWebDriver.java:349)\r\n\tat com.codeborne.selenide.impl.WebElementSelector.findElement(WebElementSelector.java:73)\r\n\tat com.codeborne.selenide.impl.WebElementSelector.findElement(WebElementSelector.java:46)\r\n\tat com.codeborne.selenide.impl.WebElementSelector.findElement(WebElementSelector.java:35)\r\n\tat com.codeborne.selenide.impl.ElementFinder.getWebElement(ElementFinder.java:122)\r\n\tat com.codeborne.selenide.impl.WebElementSource.checkConditionAndReturnElement(WebElementSource.java:114)\r\n\t... 12 more\r\n"},"stage":"finished","description":"Verifica el test exitoso","steps":[],"attachments":[],"parameters":[],"start":1754449877657,"stop":1754449910539}